2015-01-06 16:40:55,258 [Worker-8] INFO  o.e.m.c.i.e.AbstractTransferListenerAdapter - Downloading http://repo.maven.apache.org/maven2/org/apache/maven/plugins/maven-compiler-plugin/2.5.1/maven-compiler-plugin-2.5.1.jar
2015-01-06 16:40:55,332 [Worker-8] INFO  o.e.m.c.i.e.AbstractTransferListenerAdapter - Downloaded http://repo.maven.apache.org/maven2/org/apache/maven/plugins/maven-compiler-plugin/2.5.1/maven-compiler-plugin-2.5.1.jar
2015-01-06 16:40:55,451 [Worker-8] INFO  o.e.m.c.i.e.AbstractTransferListenerAdapter - Downloading http://repo.maven.apache.org/maven2/org/apache/maven/plugins/maven-compiler-plugin/2.5.1/maven-compiler-plugin-2.5.1.pom
2015-01-06 16:40:55,545 [Worker-8] INFO  o.e.m.c.i.e.AbstractTransferListenerAdapter - Downloaded http://repo.maven.apache.org/maven2/org/apache/maven/plugins/maven-compiler-plugin/2.5.1/maven-compiler-plugin-2.5.1.pom
2015-01-06 16:40:56,146 [Worker-8] INFO  o.e.m.c.i.e.AbstractTransferListenerAdapter - Downloading http://repo.maven.apache.org/maven2/org/codehaus/plexus/plexus-compiler-api/1.9.1/plexus-compiler-api-1.9.1.pom
2015-01-06 16:40:56,200 [Worker-8] INFO  o.e.m.c.i.e.AbstractTransferListenerAdapter - Downloaded http://repo.maven.apache.org/maven2/org/codehaus/plexus/plexus-compiler-api/1.9.1/plexus-compiler-api-1.9.1.pom
2015-01-06 16:40:56,235 [Worker-8] INFO  o.e.m.c.i.e.AbstractTransferListenerAdapter - Downloading http://repo.maven.apache.org/maven2/org/codehaus/plexus/plexus-compiler/1.9.1/plexus-compiler-1.9.1.pom
2015-01-06 16:40:56,333 [Worker-8] INFO  o.e.m.c.i.e.AbstractTransferListenerAdapter - Downloaded http://repo.maven.apache.org/maven2/org/codehaus/plexus/plexus-compiler/1.9.1/plexus-compiler-1.9.1.pom
2015-01-06 16:40:56,365 [Worker-8] INFO  o.e.m.c.i.e.AbstractTransferListenerAdapter - Downloading http://repo.maven.apache.org/maven2/org/codehaus/plexus/plexus-components/1.1.20/plexus-components-1.1.20.pom
2015-01-06 16:40:56,415 [Worker-8] INFO  o.e.m.c.i.e.AbstractTransferListenerAdapter - Downloaded http://repo.maven.apache.org/maven2/org/codehaus/plexus/plexus-components/1.1.20/plexus-components-1.1.20.pom
2015-01-06 16:40:56,446 [Worker-8] INFO  o.e.m.c.i.e.AbstractTransferListenerAdapter - Downloading http://repo.maven.apache.org/maven2/org/codehaus/plexus/plexus/3.1/plexus-3.1.pom
2015-01-06 16:40:56,507 [Worker-8] INFO  o.e.m.c.i.e.AbstractTransferListenerAdapter - Downloaded http://repo.maven.apache.org/maven2/org/codehaus/plexus/plexus/3.1/plexus-3.1.pom
2015-01-06 16:40:56,611 [Worker-8] INFO  o.e.m.c.i.e.AbstractTransferListenerAdapter - Downloading http://repo.maven.apache.org/maven2/org/codehaus/plexus/plexus-compiler-manager/1.9.1/plexus-compiler-manager-1.9.1.pom
2015-01-06 16:40:56,664 [Worker-8] INFO  o.e.m.c.i.e.AbstractTransferListenerAdapter - Downloaded http://repo.maven.apache.org/maven2/org/codehaus/plexus/plexus-compiler-manager/1.9.1/plexus-compiler-manager-1.9.1.pom
2015-01-06 16:40:56,707 [Worker-8] INFO  o.e.m.c.i.e.AbstractTransferListenerAdapter - Downloading http://repo.maven.apache.org/maven2/org/codehaus/plexus/plexus-compiler-javac/1.9.1/plexus-compiler-javac-1.9.1.pom
2015-01-06 16:40:57,361 [Worker-8] INFO  o.e.m.c.i.e.AbstractTransferListenerAdapter - Downloaded http://repo.maven.apache.org/maven2/org/codehaus/plexus/plexus-compiler-javac/1.9.1/plexus-compiler-javac-1.9.1.pom
2015-01-06 16:40:57,388 [Worker-8] INFO  o.e.m.c.i.e.AbstractTransferListenerAdapter - Downloading http://repo.maven.apache.org/maven2/org/codehaus/plexus/plexus-compilers/1.9.1/plexus-compilers-1.9.1.pom
2015-01-06 16:40:57,442 [Worker-8] INFO  o.e.m.c.i.e.AbstractTransferListenerAdapter - Downloaded http://repo.maven.apache.org/maven2/org/codehaus/plexus/plexus-compilers/1.9.1/plexus-compilers-1.9.1.pom
2015-01-06 16:40:57,540 [Worker-8] INFO  o.e.m.c.i.e.AbstractTransferListenerAdapter - Downloading http://repo.maven.apache.org/maven2/org/codehaus/plexus/plexus-compiler-api/1.9.1/plexus-compiler-api-1.9.1.jar
2015-01-06 16:40:57,593 [Worker-8] INFO  o.e.m.c.i.e.AbstractTransferListenerAdapter - Downloaded http://repo.maven.apache.org/maven2/org/codehaus/plexus/plexus-compiler-api/1.9.1/plexus-compiler-api-1.9.1.jar
2015-01-06 16:40:57,619 [Worker-8] INFO  o.e.m.c.i.e.AbstractTransferListenerAdapter - Downloading http://repo.maven.apache.org/maven2/org/codehaus/plexus/plexus-compiler-manager/1.9.1/plexus-compiler-manager-1.9.1.jar
2015-01-06 16:40:57,673 [Worker-8] INFO  o.e.m.c.i.e.AbstractTransferListenerAdapter - Downloaded http://repo.maven.apache.org/maven2/org/codehaus/plexus/plexus-compiler-manager/1.9.1/plexus-compiler-manager-1.9.1.jar
2015-01-06 16:40:57,703 [Worker-8] INFO  o.e.m.c.i.e.AbstractTransferListenerAdapter - Downloading http://repo.maven.apache.org/maven2/org/codehaus/plexus/plexus-compiler-javac/1.9.1/plexus-compiler-javac-1.9.1.jar
2015-01-06 16:40:57,774 [Worker-8] INFO  o.e.m.c.i.e.AbstractTransferListenerAdapter - Downloaded http://repo.maven.apache.org/maven2/org/codehaus/plexus/plexus-compiler-javac/1.9.1/plexus-compiler-javac-1.9.1.jar
2015-01-06 16:40:57,919 [Worker-8] INFO  o.e.m.c.i.l.LifecycleMappingFactory - Using org.maven.ide.eclipse.wtp.WarLifecycleMapping lifecycle mapping for MavenProject: fr.eseo:sensorAPI:1.0-SNAPSHOT @ /Users/bzil/Documents/workspace/fr.eseo.pfe/sensor.api/pom.xml.
2015-01-06 16:40:57,919 [Worker-4] INFO  o.e.m.c.i.l.LifecycleMappingFactory - Using org.maven.ide.eclipse.wtp.WarLifecycleMapping lifecycle mapping for MavenProject: fr.eseo:sensorAPI:1.0-SNAPSHOT @ /Users/bzil/Documents/workspace/fr.eseo.pfe/sensor.api/pom.xml.
2015-01-06 16:40:59,000 [Worker-4] INFO  o.e.m.c.i.e.AbstractTransferListenerAdapter - Downloaded http://download.java.net/maven/2/junit/junit/4.11/junit-4.11.jar
2015-01-06 16:40:59,675 [Worker-4] INFO  o.e.m.c.i.e.AbstractTransferListenerAdapter - Downloaded http://download.java.net/maven/2/org/hamcrest/hamcrest-core/1.3/hamcrest-core-1.3.jar
2015-01-06 16:40:59,715 [Worker-4] INFO  o.e.m.c.i.e.AbstractTransferListenerAdapter - Downloading http://repo.maven.apache.org/maven2/junit/junit/4.11/junit-4.11.jar
2015-01-06 16:41:00,005 [Worker-4] INFO  o.e.m.c.i.e.AbstractTransferListenerAdapter - Downloaded http://repo.maven.apache.org/maven2/junit/junit/4.11/junit-4.11.jar
2015-01-06 16:41:00,032 [Worker-4] INFO  o.e.m.c.i.e.AbstractTransferListenerAdapter - Downloading http://repo.maven.apache.org/maven2/org/hamcrest/hamcrest-core/1.3/hamcrest-core-1.3.jar
2015-01-06 16:41:00,114 [Worker-4] INFO  o.e.m.c.i.e.AbstractTransferListenerAdapter - Downloaded http://repo.maven.apache.org/maven2/org/hamcrest/hamcrest-core/1.3/hamcrest-core-1.3.jar
2015-01-06 16:41:00,423 [Worker-4] INFO  o.e.m.c.i.e.AbstractTransferListenerAdapter - Downloading http://repo.maven.apache.org/maven2/org/apache/maven/reporting/maven-reporting-api/2.2.1/maven-reporting-api-2.2.1.pom
2015-01-06 16:41:00,471 [Worker-4] INFO  o.e.m.c.i.e.AbstractTransferListenerAdapter - Downloaded http://repo.maven.apache.org/maven2/org/apache/maven/reporting/maven-reporting-api/2.2.1/maven-reporting-api-2.2.1.pom
2015-01-06 16:41:00,502 [Worker-4] INFO  o.e.m.c.i.e.AbstractTransferListenerAdapter - Downloading http://repo.maven.apache.org/maven2/org/apache/maven/reporting/maven-reporting/2.2.1/maven-reporting-2.2.1.pom
2015-01-06 16:41:00,552 [Worker-4] INFO  o.e.m.c.i.e.AbstractTransferListenerAdapter - Downloaded http://repo.maven.apache.org/maven2/org/apache/maven/reporting/maven-reporting/2.2.1/maven-reporting-2.2.1.pom
2015-01-06 16:41:00,586 [Worker-4] INFO  o.e.m.c.i.e.AbstractTransferListenerAdapter - Downloading http://repo.maven.apache.org/maven2/org/apache/maven/doxia/doxia-sink-api/1.1/doxia-sink-api-1.1.pom
2015-01-06 16:41:00,644 [Worker-4] INFO  o.e.m.c.i.e.AbstractTransferListenerAdapter - Downloaded http://repo.maven.apache.org/maven2/org/apache/maven/doxia/doxia-sink-api/1.1/doxia-sink-api-1.1.pom
2015-01-06 16:41:00,675 [Worker-4] INFO  o.e.m.c.i.e.AbstractTransferListenerAdapter - Downloading http://repo.maven.apache.org/maven2/org/apache/maven/doxia/doxia/1.1/doxia-1.1.pom
2015-01-06 16:41:00,737 [Worker-4] INFO  o.e.m.c.i.e.AbstractTransferListenerAdapter - Downloaded http://repo.maven.apache.org/maven2/org/apache/maven/doxia/doxia/1.1/doxia-1.1.pom
2015-01-06 16:41:00,775 [Worker-4] INFO  o.e.m.c.i.e.AbstractTransferListenerAdapter - Downloading http://repo.maven.apache.org/maven2/org/apache/maven/doxia/doxia-logging-api/1.1/doxia-logging-api-1.1.pom
2015-01-06 16:41:00,825 [Worker-4] INFO  o.e.m.c.i.e.AbstractTransferListenerAdapter - Downloaded http://repo.maven.apache.org/maven2/org/apache/maven/doxia/doxia-logging-api/1.1/doxia-logging-api-1.1.pom
2015-01-06 16:41:00,863 [Worker-4] INFO  o.e.m.c.i.e.AbstractTransferListenerAdapter - Downloading http://repo.maven.apache.org/maven2/org/codehaus/plexus/plexus-container-default/1.0-alpha-30/plexus-container-default-1.0-alpha-30.pom
2015-01-06 16:41:00,923 [Worker-4] INFO  o.e.m.c.i.e.AbstractTransferListenerAdapter - Downloaded http://repo.maven.apache.org/maven2/org/codehaus/plexus/plexus-container-default/1.0-alpha-30/plexus-container-default-1.0-alpha-30.pom
2015-01-06 16:41:00,955 [Worker-4] INFO  o.e.m.c.i.e.AbstractTransferListenerAdapter - Downloading http://repo.maven.apache.org/maven2/org/codehaus/plexus/plexus-containers/1.0-alpha-30/plexus-containers-1.0-alpha-30.pom
2015-01-06 16:41:01,012 [Worker-4] INFO  o.e.m.c.i.e.AbstractTransferListenerAdapter - Downloaded http://repo.maven.apache.org/maven2/org/codehaus/plexus/plexus-containers/1.0-alpha-30/plexus-containers-1.0-alpha-30.pom
2015-01-06 16:41:01,049 [Worker-4] INFO  o.e.m.c.i.e.AbstractTransferListenerAdapter - Downloading http://repo.maven.apache.org/maven2/org/codehaus/plexus/plexus-classworlds/1.2-alpha-9/plexus-classworlds-1.2-alpha-9.pom
2015-01-06 16:41:01,113 [Worker-4] INFO  o.e.m.c.i.e.AbstractTransferListenerAdapter - Downloaded http://repo.maven.apache.org/maven2/org/codehaus/plexus/plexus-classworlds/1.2-alpha-9/plexus-classworlds-1.2-alpha-9.pom
2015-01-06 16:41:01,145 [Worker-4] INFO  o.e.m.c.i.e.AbstractTransferListenerAdapter - Downloading http://repo.maven.apache.org/maven2/org/codehaus/plexus/plexus/1.0.10/plexus-1.0.10.pom
2015-01-06 16:41:01,196 [Worker-4] INFO  o.e.m.c.i.e.AbstractTransferListenerAdapter - Downloaded http://repo.maven.apache.org/maven2/org/codehaus/plexus/plexus/1.0.10/plexus-1.0.10.pom
2015-01-06 16:41:01,237 [Worker-4] INFO  o.e.m.c.i.e.AbstractTransferListenerAdapter - Downloading http://repo.maven.apache.org/maven2/commons-cli/commons-cli/1.2/commons-cli-1.2.pom
2015-01-06 16:41:01,291 [Worker-4] INFO  o.e.m.c.i.e.AbstractTransferListenerAdapter - Downloaded http://repo.maven.apache.org/maven2/commons-cli/commons-cli/1.2/commons-cli-1.2.pom
2015-01-06 16:41:01,319 [Worker-4] INFO  o.e.m.c.i.e.AbstractTransferListenerAdapter - Downloading http://repo.maven.apache.org/maven2/org/apache/commons/commons-parent/11/commons-parent-11.pom
2015-01-06 16:41:01,376 [Worker-4] INFO  o.e.m.c.i.e.AbstractTransferListenerAdapter - Downloaded http://repo.maven.apache.org/maven2/org/apache/commons/commons-parent/11/commons-parent-11.pom
2015-01-06 16:41:01,434 [Worker-4] INFO  o.e.m.c.i.e.AbstractTransferListenerAdapter - Downloading http://repo.maven.apache.org/maven2/org/apache/maven/maven-archiver/2.5/maven-archiver-2.5.pom
2015-01-06 16:41:01,486 [Worker-4] INFO  o.e.m.c.i.e.AbstractTransferListenerAdapter - Downloaded http://repo.maven.apache.org/maven2/org/apache/maven/maven-archiver/2.5/maven-archiver-2.5.pom
2015-01-06 16:41:01,586 [Worker-4] INFO  o.e.m.c.i.e.AbstractTransferListenerAdapter - Downloading http://repo.maven.apache.org/maven2/org/codehaus/plexus/plexus-archiver/2.1/plexus-archiver-2.1.pom
2015-01-06 16:41:01,643 [Worker-4] INFO  o.e.m.c.i.e.AbstractTransferListenerAdapter - Downloaded http://repo.maven.apache.org/maven2/org/codehaus/plexus/plexus-archiver/2.1/plexus-archiver-2.1.pom
2015-01-06 16:41:01,688 [Worker-4] INFO  o.e.m.c.i.e.AbstractTransferListenerAdapter - Downloading http://repo.maven.apache.org/maven2/org/codehaus/plexus/plexus-io/2.0.2/plexus-io-2.0.2.pom
2015-01-06 16:41:01,744 [Worker-4] INFO  o.e.m.c.i.e.AbstractTransferListenerAdapter - Downloaded http://repo.maven.apache.org/maven2/org/codehaus/plexus/plexus-io/2.0.2/plexus-io-2.0.2.pom
2015-01-06 16:41:01,778 [Worker-4] INFO  o.e.m.c.i.e.AbstractTransferListenerAdapter - Downloading http://repo.maven.apache.org/maven2/org/codehaus/plexus/plexus-components/1.1.19/plexus-components-1.1.19.pom
2015-01-06 16:41:01,828 [Worker-4] INFO  o.e.m.c.i.e.AbstractTransferListenerAdapter - Downloaded http://repo.maven.apache.org/maven2/org/codehaus/plexus/plexus-components/1.1.19/plexus-components-1.1.19.pom
2015-01-06 16:41:01,859 [Worker-4] INFO  o.e.m.c.i.e.AbstractTransferListenerAdapter - Downloading http://repo.maven.apache.org/maven2/org/codehaus/plexus/plexus/3.0.1/plexus-3.0.1.pom
2015-01-06 16:41:01,913 [Worker-4] INFO  o.e.m.c.i.e.AbstractTransferListenerAdapter - Downloaded http://repo.maven.apache.org/maven2/org/codehaus/plexus/plexus/3.0.1/plexus-3.0.1.pom
2015-01-06 16:41:01,946 [Worker-4] INFO  o.e.m.c.i.e.AbstractTransferListenerAdapter - Downloading http://repo.maven.apache.org/maven2/org/codehaus/plexus/plexus-interpolation/1.15/plexus-interpolation-1.15.pom
2015-01-06 16:41:01,998 [Worker-4] INFO  o.e.m.c.i.e.AbstractTransferListenerAdapter - Downloaded http://repo.maven.apache.org/maven2/org/codehaus/plexus/plexus-interpolation/1.15/plexus-interpolation-1.15.pom
2015-01-06 16:41:02,034 [Worker-4] INFO  o.e.m.c.i.e.AbstractTransferListenerAdapter - Downloading http://repo.maven.apache.org/maven2/org/codehaus/plexus/plexus-io/2.1.3/plexus-io-2.1.3.pom
2015-01-06 16:41:02,097 [Worker-4] INFO  o.e.m.c.i.e.AbstractTransferListenerAdapter - Downloaded http://repo.maven.apache.org/maven2/org/codehaus/plexus/plexus-io/2.1.3/plexus-io-2.1.3.pom
2015-01-06 16:41:02,135 [Worker-4] INFO  o.e.m.c.i.e.AbstractTransferListenerAdapter - Downloading http://repo.maven.apache.org/maven2/org/codehaus/plexus/plexus-components/1.2/plexus-components-1.2.pom
2015-01-06 16:41:02,187 [Worker-4] INFO  o.e.m.c.i.e.AbstractTransferListenerAdapter - Downloaded http://repo.maven.apache.org/maven2/org/codehaus/plexus/plexus-components/1.2/plexus-components-1.2.pom
2015-01-06 16:41:02,227 [Worker-4] INFO  o.e.m.c.i.e.AbstractTransferListenerAdapter - Downloading http://repo.maven.apache.org/maven2/org/codehaus/plexus/plexus-utils/3.0.18/plexus-utils-3.0.18.pom
2015-01-06 16:41:02,276 [Worker-4] INFO  o.e.m.c.i.e.AbstractTransferListenerAdapter - Downloaded http://repo.maven.apache.org/maven2/org/codehaus/plexus/plexus-utils/3.0.18/plexus-utils-3.0.18.pom
2015-01-06 16:41:02,315 [Worker-4] INFO  o.e.m.c.i.e.AbstractTransferListenerAdapter - Downloading http://repo.maven.apache.org/maven2/commons-io/commons-io/2.2/commons-io-2.2.pom
2015-01-06 16:41:02,377 [Worker-4] INFO  o.e.m.c.i.e.AbstractTransferListenerAdapter - Downloaded http://repo.maven.apache.org/maven2/commons-io/commons-io/2.2/commons-io-2.2.pom
2015-01-06 16:41:02,410 [Worker-4] INFO  o.e.m.c.i.e.AbstractTransferListenerAdapter - Downloading http://repo.maven.apache.org/maven2/org/apache/commons/commons-parent/24/commons-parent-24.pom
2015-01-06 16:41:02,490 [Worker-4] INFO  o.e.m.c.i.e.AbstractTransferListenerAdapter - Downloaded http://repo.maven.apache.org/maven2/org/apache/commons/commons-parent/24/commons-parent-24.pom
2015-01-06 16:41:02,522 [Worker-4] INFO  o.e.m.c.i.e.AbstractTransferListenerAdapter - Downloading http://repo.maven.apache.org/maven2/org/apache/apache/9/apache-9.pom
2015-01-06 16:41:02,580 [Worker-4] INFO  o.e.m.c.i.e.AbstractTransferListenerAdapter - Downloaded http://repo.maven.apache.org/maven2/org/apache/apache/9/apache-9.pom
2015-01-06 16:41:02,612 [Worker-4] INFO  o.e.m.c.i.e.AbstractTransferListenerAdapter - Downloading http://repo.maven.apache.org/maven2/org/codehaus/plexus/plexus-archiver/2.6.3/plexus-archiver-2.6.3.pom
2015-01-06 16:41:02,661 [Worker-4] INFO  o.e.m.c.i.e.AbstractTransferListenerAdapter - Downloaded http://repo.maven.apache.org/maven2/org/codehaus/plexus/plexus-archiver/2.6.3/plexus-archiver-2.6.3.pom
2015-01-06 16:41:02,690 [Worker-4] INFO  o.e.m.c.i.e.AbstractTransferListenerAdapter - Downloading http://repo.maven.apache.org/maven2/org/codehaus/plexus/plexus-components/1.3/plexus-components-1.3.pom
2015-01-06 16:41:02,737 [Worker-4] INFO  o.e.m.c.i.e.AbstractTransferListenerAdapter - Downloaded http://repo.maven.apache.org/maven2/org/codehaus/plexus/plexus-components/1.3/plexus-components-1.3.pom
2015-01-06 16:41:02,771 [Worker-4] INFO  o.e.m.c.i.e.AbstractTransferListenerAdapter - Downloading http://repo.maven.apache.org/maven2/org/codehaus/plexus/plexus/3.3/plexus-3.3.pom
2015-01-06 16:41:02,822 [Worker-4] INFO  o.e.m.c.i.e.AbstractTransferListenerAdapter - Downloaded http://repo.maven.apache.org/maven2/org/codehaus/plexus/plexus/3.3/plexus-3.3.pom
2015-01-06 16:41:02,854 [Worker-4] INFO  o.e.m.c.i.e.AbstractTransferListenerAdapter - Downloading http://repo.maven.apache.org/maven2/org/apache/commons/commons-compress/1.8.1/commons-compress-1.8.1.pom
2015-01-06 16:41:02,909 [Worker-4] INFO  o.e.m.c.i.e.AbstractTransferListenerAdapter - Downloaded http://repo.maven.apache.org/maven2/org/apache/commons/commons-compress/1.8.1/commons-compress-1.8.1.pom
2015-01-06 16:41:02,939 [Worker-4] INFO  o.e.m.c.i.e.AbstractTransferListenerAdapter - Downloading http://repo.maven.apache.org/maven2/org/apache/commons/commons-parent/33/commons-parent-33.pom
2015-01-06 16:41:03,027 [Worker-4] INFO  o.e.m.c.i.e.AbstractTransferListenerAdapter - Downloaded http://repo.maven.apache.org/maven2/org/apache/commons/commons-parent/33/commons-parent-33.pom
2015-01-06 16:41:03,064 [Worker-4] INFO  o.e.m.c.i.e.AbstractTransferListenerAdapter - Downloading http://repo.maven.apache.org/maven2/org/codehaus/plexus/plexus-interpolation/1.19/plexus-interpolation-1.19.pom
2015-01-06 16:41:03,145 [Worker-4] INFO  o.e.m.c.i.e.AbstractTransferListenerAdapter - Downloaded http://repo.maven.apache.org/maven2/org/codehaus/plexus/plexus-interpolation/1.19/plexus-interpolation-1.19.pom
2015-01-06 16:41:03,185 [Worker-4] INFO  o.e.m.c.i.e.AbstractTransferListenerAdapter - Downloading http://repo.maven.apache.org/maven2/com/thoughtworks/xstream/xstream/1.4.4/xstream-1.4.4.pom
2015-01-06 16:41:03,241 [Worker-4] INFO  o.e.m.c.i.e.AbstractTransferListenerAdapter - Downloaded http://repo.maven.apache.org/maven2/com/thoughtworks/xstream/xstream/1.4.4/xstream-1.4.4.pom
2015-01-06 16:41:03,276 [Worker-4] INFO  o.e.m.c.i.e.AbstractTransferListenerAdapter - Downloading http://repo.maven.apache.org/maven2/com/thoughtworks/xstream/xstream-parent/1.4.4/xstream-parent-1.4.4.pom
2015-01-06 16:41:03,340 [Worker-4] INFO  o.e.m.c.i.e.AbstractTransferListenerAdapter - Downloaded http://repo.maven.apache.org/maven2/com/thoughtworks/xstream/xstream-parent/1.4.4/xstream-parent-1.4.4.pom
2015-01-06 16:41:03,378 [Worker-4] INFO  o.e.m.c.i.e.AbstractTransferListenerAdapter - Downloading http://repo.maven.apache.org/maven2/xmlpull/xmlpull/1.1.3.1/xmlpull-1.1.3.1.pom
2015-01-06 16:41:03,426 [Worker-4] INFO  o.e.m.c.i.e.AbstractTransferListenerAdapter - Downloaded http://repo.maven.apache.org/maven2/xmlpull/xmlpull/1.1.3.1/xmlpull-1.1.3.1.pom
2015-01-06 16:41:03,454 [Worker-4] INFO  o.e.m.c.i.e.AbstractTransferListenerAdapter - Downloading http://repo.maven.apache.org/maven2/xpp3/xpp3_min/1.1.4c/xpp3_min-1.1.4c.pom
2015-01-06 16:41:03,508 [Worker-4] INFO  o.e.m.c.i.e.AbstractTransferListenerAdapter - Downloaded http://repo.maven.apache.org/maven2/xpp3/xpp3_min/1.1.4c/xpp3_min-1.1.4c.pom
2015-01-06 16:41:03,539 [Worker-4] INFO  o.e.m.c.i.e.AbstractTransferListenerAdapter - Downloading http://repo.maven.apache.org/maven2/org/apache/maven/shared/maven-filtering/1.2/maven-filtering-1.2.pom
2015-01-06 16:41:03,587 [Worker-4] INFO  o.e.m.c.i.e.AbstractTransferListenerAdapter - Downloaded http://repo.maven.apache.org/maven2/org/apache/maven/shared/maven-filtering/1.2/maven-filtering-1.2.pom
2015-01-06 16:41:03,623 [Worker-4] INFO  o.e.m.c.i.e.AbstractTransferListenerAdapter - Downloading http://repo.maven.apache.org/maven2/org/apache/maven/shared/maven-shared-utils/0.3/maven-shared-utils-0.3.pom
2015-01-06 16:41:03,674 [Worker-4] INFO  o.e.m.c.i.e.AbstractTransferListenerAdapter - Downloaded http://repo.maven.apache.org/maven2/org/apache/maven/shared/maven-shared-utils/0.3/maven-shared-utils-0.3.pom
2015-01-06 16:41:03,730 [Worker-4] INFO  o.e.m.c.i.e.AbstractTransferListenerAdapter - Downloading http://repo.maven.apache.org/maven2/org/apache/maven/shared/maven-mapping/1.0/maven-mapping-1.0.pom
2015-01-06 16:41:03,787 [Worker-4] INFO  o.e.m.c.i.e.AbstractTransferListenerAdapter - Downloaded http://repo.maven.apache.org/maven2/org/apache/maven/shared/maven-mapping/1.0/maven-mapping-1.0.pom
2015-01-06 16:41:03,836 [Worker-4] INFO  o.e.m.c.i.e.AbstractTransferListenerAdapter - Downloading http://repo.maven.apache.org/maven2/backport-util-concurrent/backport-util-concurrent/3.1/backport-util-concurrent-3.1.jar
2015-01-06 16:41:04,149 [Worker-4] INFO  o.e.m.c.i.e.AbstractTransferListenerAdapter - Downloaded http://repo.maven.apache.org/maven2/backport-util-concurrent/backport-util-concurrent/3.1/backport-util-concurrent-3.1.jar
2015-01-06 16:41:04,176 [Worker-4] INFO  o.e.m.c.i.e.AbstractTransferListenerAdapter - Downloading http://repo.maven.apache.org/maven2/org/slf4j/slf4j-jdk14/1.5.6/slf4j-jdk14-1.5.6.jar
2015-01-06 16:41:04,239 [Worker-4] INFO  o.e.m.c.i.e.AbstractTransferListenerAdapter - Downloaded http://repo.maven.apache.org/maven2/org/slf4j/slf4j-jdk14/1.5.6/slf4j-jdk14-1.5.6.jar
2015-01-06 16:41:04,271 [Worker-4] INFO  o.e.m.c.i.e.AbstractTransferListenerAdapter - Downloading http://repo.maven.apache.org/maven2/org/slf4j/slf4j-api/1.5.6/slf4j-api-1.5.6.jar
2015-01-06 16:41:04,776 [Worker-4] INFO  o.e.m.c.i.e.AbstractTransferListenerAdapter - Downloaded http://repo.maven.apache.org/maven2/org/slf4j/slf4j-api/1.5.6/slf4j-api-1.5.6.jar
2015-01-06 16:41:04,800 [Worker-4] INFO  o.e.m.c.i.e.AbstractTransferListenerAdapter - Downloading http://repo.maven.apache.org/maven2/org/slf4j/jcl-over-slf4j/1.5.6/jcl-over-slf4j-1.5.6.jar
2015-01-06 16:41:04,884 [Worker-4] INFO  o.e.m.c.i.e.AbstractTransferListenerAdapter - Downloaded http://repo.maven.apache.org/maven2/org/slf4j/jcl-over-slf4j/1.5.6/jcl-over-slf4j-1.5.6.jar
2015-01-06 16:41:04,911 [Worker-4] INFO  o.e.m.c.i.e.AbstractTransferListenerAdapter - Downloading http://repo.maven.apache.org/maven2/org/apache/maven/reporting/maven-reporting-api/2.2.1/maven-reporting-api-2.2.1.jar
2015-01-06 16:41:04,963 [Worker-4] INFO  o.e.m.c.i.e.AbstractTransferListenerAdapter - Downloaded http://repo.maven.apache.org/maven2/org/apache/maven/reporting/maven-reporting-api/2.2.1/maven-reporting-api-2.2.1.jar
2015-01-06 16:41:04,985 [Worker-4] INFO  o.e.m.c.i.e.AbstractTransferListenerAdapter - Downloading http://repo.maven.apache.org/maven2/org/apache/maven/doxia/doxia-sink-api/1.1/doxia-sink-api-1.1.jar
2015-01-06 16:41:05,049 [Worker-4] INFO  o.e.m.c.i.e.AbstractTransferListenerAdapter - Downloaded http://repo.maven.apache.org/maven2/org/apache/maven/doxia/doxia-sink-api/1.1/doxia-sink-api-1.1.jar
2015-01-06 16:41:05,072 [Worker-4] INFO  o.e.m.c.i.e.AbstractTransferListenerAdapter - Downloading http://repo.maven.apache.org/maven2/org/apache/maven/doxia/doxia-logging-api/1.1/doxia-logging-api-1.1.jar
2015-01-06 16:41:05,122 [Worker-4] INFO  o.e.m.c.i.e.AbstractTransferListenerAdapter - Downloaded http://repo.maven.apache.org/maven2/org/apache/maven/doxia/doxia-logging-api/1.1/doxia-logging-api-1.1.jar
2015-01-06 16:41:05,145 [Worker-4] INFO  o.e.m.c.i.e.AbstractTransferListenerAdapter - Downloading http://repo.maven.apache.org/maven2/commons-cli/commons-cli/1.2/commons-cli-1.2.jar
2015-01-06 16:41:05,242 [Worker-4] INFO  o.e.m.c.i.e.AbstractTransferListenerAdapter - Downloaded http://repo.maven.apache.org/maven2/commons-cli/commons-cli/1.2/commons-cli-1.2.jar
2015-01-06 16:41:05,266 [Worker-4] INFO  o.e.m.c.i.e.AbstractTransferListenerAdapter - Downloading http://repo.maven.apache.org/maven2/org/sonatype/plexus/plexus-sec-dispatcher/1.3/plexus-sec-dispatcher-1.3.jar
2015-01-06 16:41:05,339 [Worker-4] INFO  o.e.m.c.i.e.AbstractTransferListenerAdapter - Downloaded http://repo.maven.apache.org/maven2/org/sonatype/plexus/plexus-sec-dispatcher/1.3/plexus-sec-dispatcher-1.3.jar
2015-01-06 16:41:05,362 [Worker-4] INFO  o.e.m.c.i.e.AbstractTransferListenerAdapter - Downloading http://repo.maven.apache.org/maven2/org/sonatype/plexus/plexus-cipher/1.4/plexus-cipher-1.4.jar
2015-01-06 16:41:05,414 [Worker-4] INFO  o.e.m.c.i.e.AbstractTransferListenerAdapter - Downloaded http://repo.maven.apache.org/maven2/org/sonatype/plexus/plexus-cipher/1.4/plexus-cipher-1.4.jar
2015-01-06 16:41:05,440 [Worker-4] INFO  o.e.m.c.i.e.AbstractTransferListenerAdapter - Downloading http://repo.maven.apache.org/maven2/org/apache/maven/maven-archiver/2.5/maven-archiver-2.5.jar
2015-01-06 16:41:05,521 [Worker-4] INFO  o.e.m.c.i.e.AbstractTransferListenerAdapter - Downloaded http://repo.maven.apache.org/maven2/org/apache/maven/maven-archiver/2.5/maven-archiver-2.5.jar
2015-01-06 16:41:05,547 [Worker-4] INFO  o.e.m.c.i.e.AbstractTransferListenerAdapter - Downloading http://repo.maven.apache.org/maven2/org/codehaus/plexus/plexus-io/2.1.3/plexus-io-2.1.3.jar
2015-01-06 16:41:05,669 [Worker-4] INFO  o.e.m.c.i.e.AbstractTransferListenerAdapter - Downloaded http://repo.maven.apache.org/maven2/org/codehaus/plexus/plexus-io/2.1.3/plexus-io-2.1.3.jar
2015-01-06 16:41:05,693 [Worker-4] INFO  o.e.m.c.i.e.AbstractTransferListenerAdapter - Downloading http://repo.maven.apache.org/maven2/commons-io/commons-io/2.2/commons-io-2.2.jar
2015-01-06 16:41:05,947 [Worker-4] INFO  o.e.m.c.i.e.AbstractTransferListenerAdapter - Downloaded http://repo.maven.apache.org/maven2/commons-io/commons-io/2.2/commons-io-2.2.jar
2015-01-06 16:41:05,973 [Worker-4] INFO  o.e.m.c.i.e.AbstractTransferListenerAdapter - Downloading http://repo.maven.apache.org/maven2/org/codehaus/plexus/plexus-archiver/2.6.3/plexus-archiver-2.6.3.jar
2015-01-06 16:41:06,164 [Worker-4] INFO  o.e.m.c.i.e.AbstractTransferListenerAdapter - Downloaded http://repo.maven.apache.org/maven2/org/codehaus/plexus/plexus-archiver/2.6.3/plexus-archiver-2.6.3.jar
2015-01-06 16:41:06,190 [Worker-4] INFO  o.e.m.c.i.e.AbstractTransferListenerAdapter - Downloading http://repo.maven.apache.org/maven2/org/apache/commons/commons-compress/1.8.1/commons-compress-1.8.1.jar
2015-01-06 16:41:06,681 [Worker-4] INFO  o.e.m.c.i.e.AbstractTransferListenerAdapter - Downloaded http://repo.maven.apache.org/maven2/org/apache/commons/commons-compress/1.8.1/commons-compress-1.8.1.jar
2015-01-06 16:41:06,704 [Worker-4] INFO  o.e.m.c.i.e.AbstractTransferListenerAdapter - Downloading http://repo.maven.apache.org/maven2/org/codehaus/plexus/plexus-interpolation/1.19/plexus-interpolation-1.19.jar
2015-01-06 16:41:06,811 [Worker-4] INFO  o.e.m.c.i.e.AbstractTransferListenerAdapter - Downloaded http://repo.maven.apache.org/maven2/org/codehaus/plexus/plexus-interpolation/1.19/plexus-interpolation-1.19.jar
2015-01-06 16:41:06,843 [Worker-4] INFO  o.e.m.c.i.e.AbstractTransferListenerAdapter - Downloading http://repo.maven.apache.org/maven2/com/thoughtworks/xstream/xstream/1.4.4/xstream-1.4.4.jar
2015-01-06 16:41:07,371 [Worker-4] INFO  o.e.m.c.i.e.AbstractTransferListenerAdapter - Downloaded http://repo.maven.apache.org/maven2/com/thoughtworks/xstream/xstream/1.4.4/xstream-1.4.4.jar
2015-01-06 16:41:07,395 [Worker-4] INFO  o.e.m.c.i.e.AbstractTransferListenerAdapter - Downloading http://repo.maven.apache.org/maven2/xmlpull/xmlpull/1.1.3.1/xmlpull-1.1.3.1.jar
2015-01-06 16:41:07,445 [Worker-4] INFO  o.e.m.c.i.e.AbstractTransferListenerAdapter - Downloaded http://repo.maven.apache.org/maven2/xmlpull/xmlpull/1.1.3.1/xmlpull-1.1.3.1.jar
2015-01-06 16:41:07,470 [Worker-4] INFO  o.e.m.c.i.e.AbstractTransferListenerAdapter - Downloading http://repo.maven.apache.org/maven2/xpp3/xpp3_min/1.1.4c/xpp3_min-1.1.4c.jar
2015-01-06 16:41:07,545 [Worker-4] INFO  o.e.m.c.i.e.AbstractTransferListenerAdapter - Downloaded http://repo.maven.apache.org/maven2/xpp3/xpp3_min/1.1.4c/xpp3_min-1.1.4c.jar
2015-01-06 16:41:07,572 [Worker-4] INFO  o.e.m.c.i.e.AbstractTransferListenerAdapter - Downloading http://repo.maven.apache.org/maven2/org/codehaus/plexus/plexus-utils/3.0.18/plexus-utils-3.0.18.jar
2015-01-06 16:41:07,881 [Worker-4] INFO  o.e.m.c.i.e.AbstractTransferListenerAdapter - Downloaded http://repo.maven.apache.org/maven2/org/codehaus/plexus/plexus-utils/3.0.18/plexus-utils-3.0.18.jar
2015-01-06 16:41:07,906 [Worker-4] INFO  o.e.m.c.i.e.AbstractTransferListenerAdapter - Downloading http://repo.maven.apache.org/maven2/org/apache/maven/shared/maven-filtering/1.2/maven-filtering-1.2.jar
2015-01-06 16:41:08,005 [Worker-4] INFO  o.e.m.c.i.e.AbstractTransferListenerAdapter - Downloaded http://repo.maven.apache.org/maven2/org/apache/maven/shared/maven-filtering/1.2/maven-filtering-1.2.jar
2015-01-06 16:41:08,029 [Worker-4] INFO  o.e.m.c.i.e.AbstractTransferListenerAdapter - Downloading http://repo.maven.apache.org/maven2/org/apache/maven/shared/maven-shared-utils/0.3/maven-shared-utils-0.3.jar
2015-01-06 16:41:08,291 [Worker-4] INFO  o.e.m.c.i.e.AbstractTransferListenerAdapter - Downloaded http://repo.maven.apache.org/maven2/org/apache/maven/shared/maven-shared-utils/0.3/maven-shared-utils-0.3.jar
2015-01-06 16:41:08,317 [Worker-4] INFO  o.e.m.c.i.e.AbstractTransferListenerAdapter - Downloading http://repo.maven.apache.org/maven2/org/apache/maven/shared/maven-mapping/1.0/maven-mapping-1.0.jar
2015-01-06 16:41:08,373 [Worker-4] INFO  o.e.m.c.i.e.AbstractTransferListenerAdapter - Downloaded http://repo.maven.apache.org/maven2/org/apache/maven/shared/maven-mapping/1.0/maven-mapping-1.0.jar
2015-01-06 16:41:09,636 [Worker-4] INFO  o.e.m.c.i.embedder.EclipseLogger - Using 'UTF-8' encoding to copy filtered resources.
2015-01-06 16:41:09,646 [Worker-4] INFO  o.e.m.c.i.embedder.EclipseLogger - Copying 2 resources
2015-01-06 16:41:09,660 [Worker-4] INFO  o.e.m.c.i.embedder.EclipseLogger - Using 'UTF-8' encoding to copy filtered resources.
2015-01-06 16:41:09,660 [Worker-4] INFO  o.e.m.c.i.embedder.EclipseLogger - skip non existing resourceDirectory /Users/bzil/Documents/workspace/fr.eseo.pfe/sensor.api/src/test/resources
2015-01-06 16:41:10,953 [Worker-8] INFO  o.e.m.c.i.l.LifecycleMappingFactory - Using org.maven.ide.eclipse.wtp.WarLifecycleMapping lifecycle mapping for MavenProject: fr.eseo:sensorAPI:1.0-SNAPSHOT @ /Users/bzil/Documents/workspace/fr.eseo.pfe/sensor.api/pom.xml.
2015-01-06 16:41:12,225 [Worker-3] INFO  o.e.m.c.i.embedder.EclipseLogger - Using 'UTF-8' encoding to copy filtered resources.
2015-01-06 16:41:12,237 [Worker-3] INFO  o.e.m.c.i.embedder.EclipseLogger - Copying 0 resource
2015-01-06 16:41:12,239 [Worker-3] INFO  o.e.m.c.i.embedder.EclipseLogger - Using 'UTF-8' encoding to copy filtered resources.
2015-01-06 16:41:12,239 [Worker-3] INFO  o.e.m.c.i.embedder.EclipseLogger - skip non existing resourceDirectory /Users/bzil/Documents/workspace/fr.eseo.pfe/sensor.api/src/test/resources
2015-01-06 16:42:58,744 [Worker-3] INFO  o.e.m.c.i.embedder.EclipseLogger - Using 'UTF-8' encoding to copy filtered resources.
2015-01-06 16:42:58,744 [Worker-3] INFO  o.e.m.c.i.embedder.EclipseLogger - Copying 0 resource
2015-01-06 16:42:58,746 [Worker-3] INFO  o.e.m.c.i.embedder.EclipseLogger - Using 'UTF-8' encoding to copy filtered resources.
2015-01-06 16:42:58,746 [Worker-3] INFO  o.e.m.c.i.embedder.EclipseLogger - skip non existing resourceDirectory /Users/bzil/Documents/workspace/fr.eseo.pfe/sensor.api/src/test/resources
2015-01-06 16:43:36,276 [Worker-4] INFO  o.e.m.c.i.embedder.EclipseLogger - Using 'UTF-8' encoding to copy filtered resources.
2015-01-06 16:43:36,276 [Worker-4] INFO  o.e.m.c.i.embedder.EclipseLogger - Copying 0 resource
2015-01-06 16:43:36,278 [Worker-4] INFO  o.e.m.c.i.embedder.EclipseLogger - Using 'UTF-8' encoding to copy filtered resources.
2015-01-06 16:43:36,278 [Worker-4] INFO  o.e.m.c.i.embedder.EclipseLogger - skip non existing resourceDirectory /Users/bzil/Documents/workspace/fr.eseo.pfe/sensor.api/src/test/resources
2015-01-06 16:45:20,021 [Worker-1] INFO  o.e.m.c.i.embedder.EclipseLogger - Using 'UTF-8' encoding to copy filtered resources.
2015-01-06 16:45:20,021 [Worker-1] INFO  o.e.m.c.i.embedder.EclipseLogger - Copying 0 resource
2015-01-06 16:45:20,023 [Worker-1] INFO  o.e.m.c.i.embedder.EclipseLogger - Using 'UTF-8' encoding to copy filtered resources.
2015-01-06 16:45:20,023 [Worker-1] INFO  o.e.m.c.i.embedder.EclipseLogger - skip non existing resourceDirectory /Users/bzil/Documents/workspace/fr.eseo.pfe/sensor.api/src/test/resources
2015-01-06 16:46:01,825 [Worker-1] INFO  o.e.m.c.i.embedder.EclipseLogger - Using 'UTF-8' encoding to copy filtered resources.
2015-01-06 16:46:01,825 [Worker-1] INFO  o.e.m.c.i.embedder.EclipseLogger - Copying 0 resource
2015-01-06 16:46:01,826 [Worker-1] INFO  o.e.m.c.i.embedder.EclipseLogger - Using 'UTF-8' encoding to copy filtered resources.
2015-01-06 16:46:01,826 [Worker-1] INFO  o.e.m.c.i.embedder.EclipseLogger - skip non existing resourceDirectory /Users/bzil/Documents/workspace/fr.eseo.pfe/sensor.api/src/test/resources
2015-01-06 16:47:10,943 [Worker-8] INFO  o.e.m.c.i.embedder.EclipseLogger - Using 'UTF-8' encoding to copy filtered resources.
2015-01-06 16:47:10,943 [Worker-8] INFO  o.e.m.c.i.embedder.EclipseLogger - Copying 0 resource
2015-01-06 16:47:10,944 [Worker-8] INFO  o.e.m.c.i.embedder.EclipseLogger - Using 'UTF-8' encoding to copy filtered resources.
2015-01-06 16:47:10,944 [Worker-8] INFO  o.e.m.c.i.embedder.EclipseLogger - skip non existing resourceDirectory /Users/bzil/Documents/workspace/fr.eseo.pfe/sensor.api/src/test/resources
2015-01-06 16:49:29,924 [Worker-2] INFO  o.e.m.c.i.embedder.EclipseLogger - Using 'UTF-8' encoding to copy filtered resources.
2015-01-06 16:49:29,924 [Worker-2] INFO  o.e.m.c.i.embedder.EclipseLogger - Copying 0 resource
2015-01-06 16:49:29,927 [Worker-2] INFO  o.e.m.c.i.embedder.EclipseLogger - Using 'UTF-8' encoding to copy filtered resources.
2015-01-06 16:49:29,927 [Worker-2] INFO  o.e.m.c.i.embedder.EclipseLogger - skip non existing resourceDirectory /Users/bzil/Documents/workspace/fr.eseo.pfe/sensor.api/src/test/resources
2015-01-06 16:49:39,328 [Worker-1] INFO  o.e.m.c.i.embedder.EclipseLogger - Using 'UTF-8' encoding to copy filtered resources.
2015-01-06 16:49:39,328 [Worker-1] INFO  o.e.m.c.i.embedder.EclipseLogger - Copying 0 resource
2015-01-06 16:49:39,330 [Worker-1] INFO  o.e.m.c.i.embedder.EclipseLogger - Using 'UTF-8' encoding to copy filtered resources.
2015-01-06 16:49:39,330 [Worker-1] INFO  o.e.m.c.i.embedder.EclipseLogger - skip non existing resourceDirectory /Users/bzil/Documents/workspace/fr.eseo.pfe/sensor.api/src/test/resources
2015-01-06 16:51:01,346 [Worker-5] INFO  o.e.m.c.i.embedder.EclipseLogger - Using 'UTF-8' encoding to copy filtered resources.
2015-01-06 16:51:01,346 [Worker-5] INFO  o.e.m.c.i.embedder.EclipseLogger - Copying 0 resource
2015-01-06 16:51:01,347 [Worker-5] INFO  o.e.m.c.i.embedder.EclipseLogger - Using 'UTF-8' encoding to copy filtered resources.
2015-01-06 16:51:01,347 [Worker-5] INFO  o.e.m.c.i.embedder.EclipseLogger - skip non existing resourceDirectory /Users/bzil/Documents/workspace/fr.eseo.pfe/sensor.api/src/test/resources
2015-01-06 16:51:10,753 [Worker-3] INFO  o.e.m.c.i.embedder.EclipseLogger - Using 'UTF-8' encoding to copy filtered resources.
2015-01-06 16:51:10,753 [Worker-3] INFO  o.e.m.c.i.embedder.EclipseLogger - Copying 0 resource
2015-01-06 16:51:10,754 [Worker-3] INFO  o.e.m.c.i.embedder.EclipseLogger - Using 'UTF-8' encoding to copy filtered resources.
2015-01-06 16:51:10,754 [Worker-3] INFO  o.e.m.c.i.embedder.EclipseLogger - skip non existing resourceDirectory /Users/bzil/Documents/workspace/fr.eseo.pfe/sensor.api/src/test/resources
2015-01-06 16:51:59,333 [Worker-11] INFO  o.e.m.c.i.embedder.EclipseLogger - Using 'UTF-8' encoding to copy filtered resources.
2015-01-06 16:51:59,333 [Worker-11] INFO  o.e.m.c.i.embedder.EclipseLogger - Copying 0 resource
2015-01-06 16:51:59,335 [Worker-11] INFO  o.e.m.c.i.embedder.EclipseLogger - Using 'UTF-8' encoding to copy filtered resources.
2015-01-06 16:51:59,335 [Worker-11] INFO  o.e.m.c.i.embedder.EclipseLogger - skip non existing resourceDirectory /Users/bzil/Documents/workspace/fr.eseo.pfe/sensor.api/src/test/resources
2015-01-06 16:56:09,450 [Worker-12] INFO  o.e.m.c.i.embedder.EclipseLogger - Using 'UTF-8' encoding to copy filtered resources.
2015-01-06 16:56:09,451 [Worker-12] INFO  o.e.m.c.i.embedder.EclipseLogger - Copying 0 resource
2015-01-06 16:56:09,452 [Worker-12] INFO  o.e.m.c.i.embedder.EclipseLogger - Using 'UTF-8' encoding to copy filtered resources.
2015-01-06 16:56:09,452 [Worker-12] INFO  o.e.m.c.i.embedder.EclipseLogger - skip non existing resourceDirectory /Users/bzil/Documents/workspace/fr.eseo.pfe/sensor.api/src/test/resources
2015-01-06 16:57:04,348 [Worker-11] INFO  o.e.m.c.i.embedder.EclipseLogger - Using 'UTF-8' encoding to copy filtered resources.
2015-01-06 16:57:04,348 [Worker-11] INFO  o.e.m.c.i.embedder.EclipseLogger - Copying 0 resource
2015-01-06 16:57:04,349 [Worker-11] INFO  o.e.m.c.i.embedder.EclipseLogger - Using 'UTF-8' encoding to copy filtered resources.
2015-01-06 16:57:04,349 [Worker-11] INFO  o.e.m.c.i.embedder.EclipseLogger - skip non existing resourceDirectory /Users/bzil/Documents/workspace/fr.eseo.pfe/sensor.api/src/test/resources
2015-01-06 16:58:40,096 [Worker-10] INFO  o.e.m.c.i.embedder.EclipseLogger - Using 'UTF-8' encoding to copy filtered resources.
2015-01-06 16:58:40,096 [Worker-10] INFO  o.e.m.c.i.embedder.EclipseLogger - Copying 0 resource
2015-01-06 16:58:40,098 [Worker-10] INFO  o.e.m.c.i.embedder.EclipseLogger - Using 'UTF-8' encoding to copy filtered resources.
2015-01-06 16:58:40,098 [Worker-10] INFO  o.e.m.c.i.embedder.EclipseLogger - skip non existing resourceDirectory /Users/bzil/Documents/workspace/fr.eseo.pfe/sensor.api/src/test/resources
2015-01-06 17:00:13,668 [Worker-2] INFO  o.e.m.c.i.embedder.EclipseLogger - Using 'UTF-8' encoding to copy filtered resources.
2015-01-06 17:00:13,669 [Worker-2] INFO  o.e.m.c.i.embedder.EclipseLogger - Copying 0 resource
2015-01-06 17:00:13,671 [Worker-2] INFO  o.e.m.c.i.embedder.EclipseLogger - Using 'UTF-8' encoding to copy filtered resources.
2015-01-06 17:00:13,671 [Worker-2] INFO  o.e.m.c.i.embedder.EclipseLogger - skip non existing resourceDirectory /Users/bzil/Documents/workspace/fr.eseo.pfe/sensor.api/src/test/resources
2015-01-06 17:00:38,323 [Worker-10] INFO  o.e.m.c.i.embedder.EclipseLogger - Using 'UTF-8' encoding to copy filtered resources.
2015-01-06 17:00:38,323 [Worker-10] INFO  o.e.m.c.i.embedder.EclipseLogger - Copying 0 resource
2015-01-06 17:00:38,324 [Worker-10] INFO  o.e.m.c.i.embedder.EclipseLogger - Using 'UTF-8' encoding to copy filtered resources.
2015-01-06 17:00:38,324 [Worker-10] INFO  o.e.m.c.i.embedder.EclipseLogger - skip non existing resourceDirectory /Users/bzil/Documents/workspace/fr.eseo.pfe/sensor.api/src/test/resources
2015-01-06 17:06:52,776 [Worker-3] INFO  o.e.m.c.i.embedder.EclipseLogger - Using 'UTF-8' encoding to copy filtered resources.
2015-01-06 17:06:52,776 [Worker-3] INFO  o.e.m.c.i.embedder.EclipseLogger - Copying 0 resource
2015-01-06 17:06:52,778 [Worker-3] INFO  o.e.m.c.i.embedder.EclipseLogger - Using 'UTF-8' encoding to copy filtered resources.
2015-01-06 17:06:52,778 [Worker-3] INFO  o.e.m.c.i.embedder.EclipseLogger - skip non existing resourceDirectory /Users/bzil/Documents/workspace/fr.eseo.pfe/sensor.api/src/test/resources
2015-01-06 17:07:33,014 [Worker-12] INFO  o.e.m.c.i.embedder.EclipseLogger - Using 'UTF-8' encoding to copy filtered resources.
2015-01-06 17:07:33,015 [Worker-12] INFO  o.e.m.c.i.embedder.EclipseLogger - Copying 0 resource
2015-01-06 17:07:33,016 [Worker-12] INFO  o.e.m.c.i.embedder.EclipseLogger - Using 'UTF-8' encoding to copy filtered resources.
2015-01-06 17:07:33,016 [Worker-12] INFO  o.e.m.c.i.embedder.EclipseLogger - skip non existing resourceDirectory /Users/bzil/Documents/workspace/fr.eseo.pfe/sensor.api/src/test/resources
2015-01-06 17:07:54,343 [Worker-12] INFO  o.e.m.c.i.embedder.EclipseLogger - Using 'UTF-8' encoding to copy filtered resources.
2015-01-06 17:07:54,343 [Worker-12] INFO  o.e.m.c.i.embedder.EclipseLogger - Copying 0 resource
2015-01-06 17:07:54,344 [Worker-12] INFO  o.e.m.c.i.embedder.EclipseLogger - Using 'UTF-8' encoding to copy filtered resources.
2015-01-06 17:07:54,344 [Worker-12] INFO  o.e.m.c.i.embedder.EclipseLogger - skip non existing resourceDirectory /Users/bzil/Documents/workspace/fr.eseo.pfe/sensor.api/src/test/resources
2015-01-06 17:08:08,836 [Worker-12] INFO  o.e.m.c.i.embedder.EclipseLogger - Using 'UTF-8' encoding to copy filtered resources.
2015-01-06 17:08:08,837 [Worker-12] INFO  o.e.m.c.i.embedder.EclipseLogger - Copying 0 resource
2015-01-06 17:08:08,838 [Worker-12] INFO  o.e.m.c.i.embedder.EclipseLogger - Using 'UTF-8' encoding to copy filtered resources.
2015-01-06 17:08:08,838 [Worker-12] INFO  o.e.m.c.i.embedder.EclipseLogger - skip non existing resourceDirectory /Users/bzil/Documents/workspace/fr.eseo.pfe/sensor.api/src/test/resources
2015-01-06 17:08:33,187 [Worker-11] INFO  o.e.m.c.i.embedder.EclipseLogger - Using 'UTF-8' encoding to copy filtered resources.
2015-01-06 17:08:33,187 [Worker-11] INFO  o.e.m.c.i.embedder.EclipseLogger - Copying 0 resource
2015-01-06 17:08:33,189 [Worker-11] INFO  o.e.m.c.i.embedder.EclipseLogger - Using 'UTF-8' encoding to copy filtered resources.
2015-01-06 17:08:33,189 [Worker-11] INFO  o.e.m.c.i.embedder.EclipseLogger - skip non existing resourceDirectory /Users/bzil/Documents/workspace/fr.eseo.pfe/sensor.api/src/test/resources
2015-01-06 17:09:13,015 [Worker-9] INFO  o.e.m.c.i.embedder.EclipseLogger - Using 'UTF-8' encoding to copy filtered resources.
2015-01-06 17:09:13,015 [Worker-9] INFO  o.e.m.c.i.embedder.EclipseLogger - Copying 0 resource
2015-01-06 17:09:13,017 [Worker-9] INFO  o.e.m.c.i.embedder.EclipseLogger - Using 'UTF-8' encoding to copy filtered resources.
2015-01-06 17:09:13,017 [Worker-9] INFO  o.e.m.c.i.embedder.EclipseLogger - skip non existing resourceDirectory /Users/bzil/Documents/workspace/fr.eseo.pfe/sensor.api/src/test/resources
2015-01-06 17:10:16,865 [Worker-3] INFO  o.e.m.c.i.embedder.EclipseLogger - Using 'UTF-8' encoding to copy filtered resources.
2015-01-06 17:10:16,866 [Worker-3] INFO  o.e.m.c.i.embedder.EclipseLogger - Copying 0 resource
2015-01-06 17:10:16,867 [Worker-3] INFO  o.e.m.c.i.embedder.EclipseLogger - Using 'UTF-8' encoding to copy filtered resources.
2015-01-06 17:10:16,867 [Worker-3] INFO  o.e.m.c.i.embedder.EclipseLogger - skip non existing resourceDirectory /Users/bzil/Documents/workspace/fr.eseo.pfe/sensor.api/src/test/resources
2015-01-06 17:10:36,053 [Worker-0] INFO  o.e.m.c.i.embedder.EclipseLogger - Using 'UTF-8' encoding to copy filtered resources.
2015-01-06 17:10:36,053 [Worker-0] INFO  o.e.m.c.i.embedder.EclipseLogger - Copying 0 resource
2015-01-06 17:10:36,055 [Worker-0] INFO  o.e.m.c.i.embedder.EclipseLogger - Using 'UTF-8' encoding to copy filtered resources.
2015-01-06 17:10:36,055 [Worker-0] INFO  o.e.m.c.i.embedder.EclipseLogger - skip non existing resourceDirectory /Users/bzil/Documents/workspace/fr.eseo.pfe/sensor.api/src/test/resources
2015-01-06 17:10:54,716 [Worker-11] INFO  o.e.m.c.i.embedder.EclipseLogger - Using 'UTF-8' encoding to copy filtered resources.
2015-01-06 17:10:54,716 [Worker-11] INFO  o.e.m.c.i.embedder.EclipseLogger - Copying 0 resource
2015-01-06 17:10:54,718 [Worker-11] INFO  o.e.m.c.i.embedder.EclipseLogger - Using 'UTF-8' encoding to copy filtered resources.
2015-01-06 17:10:54,718 [Worker-11] INFO  o.e.m.c.i.embedder.EclipseLogger - skip non existing resourceDirectory /Users/bzil/Documents/workspace/fr.eseo.pfe/sensor.api/src/test/resources
2015-01-06 17:12:04,984 [Worker-11] INFO  o.e.m.c.i.embedder.EclipseLogger - Using 'UTF-8' encoding to copy filtered resources.
2015-01-06 17:12:04,984 [Worker-11] INFO  o.e.m.c.i.embedder.EclipseLogger - Copying 0 resource
2015-01-06 17:12:04,985 [Worker-11] INFO  o.e.m.c.i.embedder.EclipseLogger - Using 'UTF-8' encoding to copy filtered resources.
2015-01-06 17:12:04,985 [Worker-11] INFO  o.e.m.c.i.embedder.EclipseLogger - skip non existing resourceDirectory /Users/bzil/Documents/workspace/fr.eseo.pfe/sensor.api/src/test/resources
2015-01-06 17:12:07,445 [Worker-10] INFO  o.e.m.c.i.embedder.EclipseLogger - Using 'UTF-8' encoding to copy filtered resources.
2015-01-06 17:12:07,445 [Worker-10] INFO  o.e.m.c.i.embedder.EclipseLogger - Copying 0 resource
2015-01-06 17:12:07,446 [Worker-10] INFO  o.e.m.c.i.embedder.EclipseLogger - Using 'UTF-8' encoding to copy filtered resources.
2015-01-06 17:12:07,447 [Worker-10] INFO  o.e.m.c.i.embedder.EclipseLogger - skip non existing resourceDirectory /Users/bzil/Documents/workspace/fr.eseo.pfe/sensor.api/src/test/resources
2015-01-06 17:12:26,271 [Worker-13] INFO  o.e.m.c.i.embedder.EclipseLogger - Using 'UTF-8' encoding to copy filtered resources.
2015-01-06 17:12:26,271 [Worker-13] INFO  o.e.m.c.i.embedder.EclipseLogger - Copying 0 resource
2015-01-06 17:12:26,272 [Worker-13] INFO  o.e.m.c.i.embedder.EclipseLogger - Using 'UTF-8' encoding to copy filtered resources.
2015-01-06 17:12:26,272 [Worker-13] INFO  o.e.m.c.i.embedder.EclipseLogger - skip non existing resourceDirectory /Users/bzil/Documents/workspace/fr.eseo.pfe/sensor.api/src/test/resources
2015-01-06 17:13:23,764 [Worker-9] INFO  o.e.m.c.i.embedder.EclipseLogger - Using 'UTF-8' encoding to copy filtered resources.
2015-01-06 17:13:23,764 [Worker-9] INFO  o.e.m.c.i.embedder.EclipseLogger - Copying 0 resource
2015-01-06 17:13:23,766 [Worker-9] INFO  o.e.m.c.i.embedder.EclipseLogger - Using 'UTF-8' encoding to copy filtered resources.
2015-01-06 17:13:23,766 [Worker-9] INFO  o.e.m.c.i.embedder.EclipseLogger - skip non existing resourceDirectory /Users/bzil/Documents/workspace/fr.eseo.pfe/sensor.api/src/test/resources
2015-01-06 17:13:34,746 [Worker-12] INFO  o.e.m.c.i.embedder.EclipseLogger - Using 'UTF-8' encoding to copy filtered resources.
2015-01-06 17:13:34,746 [Worker-12] INFO  o.e.m.c.i.embedder.EclipseLogger - Copying 0 resource
2015-01-06 17:13:34,747 [Worker-12] INFO  o.e.m.c.i.embedder.EclipseLogger - Using 'UTF-8' encoding to copy filtered resources.
2015-01-06 17:13:34,748 [Worker-12] INFO  o.e.m.c.i.embedder.EclipseLogger - skip non existing resourceDirectory /Users/bzil/Documents/workspace/fr.eseo.pfe/sensor.api/src/test/resources
2015-01-06 17:14:14,551 [Worker-10] INFO  o.e.m.c.i.embedder.EclipseLogger - Using 'UTF-8' encoding to copy filtered resources.
2015-01-06 17:14:14,552 [Worker-10] INFO  o.e.m.c.i.embedder.EclipseLogger - Copying 0 resource
2015-01-06 17:14:14,553 [Worker-10] INFO  o.e.m.c.i.embedder.EclipseLogger - Using 'UTF-8' encoding to copy filtered resources.
2015-01-06 17:14:14,553 [Worker-10] INFO  o.e.m.c.i.embedder.EclipseLogger - skip non existing resourceDirectory /Users/bzil/Documents/workspace/fr.eseo.pfe/sensor.api/src/test/resources
2015-01-06 17:14:31,213 [Worker-2] INFO  o.e.m.c.i.embedder.EclipseLogger - Using 'UTF-8' encoding to copy filtered resources.
2015-01-06 17:14:31,213 [Worker-2] INFO  o.e.m.c.i.embedder.EclipseLogger - Copying 0 resource
2015-01-06 17:14:31,214 [Worker-2] INFO  o.e.m.c.i.embedder.EclipseLogger - Using 'UTF-8' encoding to copy filtered resources.
2015-01-06 17:14:31,214 [Worker-2] INFO  o.e.m.c.i.embedder.EclipseLogger - skip non existing resourceDirectory /Users/bzil/Documents/workspace/fr.eseo.pfe/sensor.api/src/test/resources
2015-01-06 17:15:31,961 [Worker-1] INFO  o.e.m.c.i.embedder.EclipseLogger - Using 'UTF-8' encoding to copy filtered resources.
2015-01-06 17:15:31,961 [Worker-1] INFO  o.e.m.c.i.embedder.EclipseLogger - Copying 0 resource
2015-01-06 17:15:31,962 [Worker-1] INFO  o.e.m.c.i.embedder.EclipseLogger - Using 'UTF-8' encoding to copy filtered resources.
2015-01-06 17:15:31,962 [Worker-1] INFO  o.e.m.c.i.embedder.EclipseLogger - skip non existing resourceDirectory /Users/bzil/Documents/workspace/fr.eseo.pfe/sensor.api/src/test/resources
2015-01-06 17:15:36,816 [Worker-9] INFO  o.e.m.c.i.embedder.EclipseLogger - Using 'UTF-8' encoding to copy filtered resources.
2015-01-06 17:15:36,816 [Worker-9] INFO  o.e.m.c.i.embedder.EclipseLogger - Copying 0 resource
2015-01-06 17:15:36,817 [Worker-9] INFO  o.e.m.c.i.embedder.EclipseLogger - Using 'UTF-8' encoding to copy filtered resources.
2015-01-06 17:15:36,817 [Worker-9] INFO  o.e.m.c.i.embedder.EclipseLogger - skip non existing resourceDirectory /Users/bzil/Documents/workspace/fr.eseo.pfe/sensor.api/src/test/resources
2015-01-06 17:16:20,332 [Worker-5] INFO  o.e.m.c.i.embedder.EclipseLogger - Using 'UTF-8' encoding to copy filtered resources.
2015-01-06 17:16:20,332 [Worker-5] INFO  o.e.m.c.i.embedder.EclipseLogger - Copying 0 resource
2015-01-06 17:16:20,333 [Worker-5] INFO  o.e.m.c.i.embedder.EclipseLogger - Using 'UTF-8' encoding to copy filtered resources.
2015-01-06 17:16:20,333 [Worker-5] INFO  o.e.m.c.i.embedder.EclipseLogger - skip non existing resourceDirectory /Users/bzil/Documents/workspace/fr.eseo.pfe/sensor.api/src/test/resources
2015-01-06 17:16:30,765 [Worker-9] INFO  o.e.m.c.i.embedder.EclipseLogger - Using 'UTF-8' encoding to copy filtered resources.
2015-01-06 17:16:30,765 [Worker-9] INFO  o.e.m.c.i.embedder.EclipseLogger - Copying 0 resource
2015-01-06 17:16:30,767 [Worker-9] INFO  o.e.m.c.i.embedder.EclipseLogger - Using 'UTF-8' encoding to copy filtered resources.
2015-01-06 17:16:30,767 [Worker-9] INFO  o.e.m.c.i.embedder.EclipseLogger - skip non existing resourceDirectory /Users/bzil/Documents/workspace/fr.eseo.pfe/sensor.api/src/test/resources
2015-01-06 17:16:36,154 [Worker-2] INFO  o.e.m.c.i.embedder.EclipseLogger - Using 'UTF-8' encoding to copy filtered resources.
2015-01-06 17:16:36,154 [Worker-2] INFO  o.e.m.c.i.embedder.EclipseLogger - Copying 0 resource
2015-01-06 17:16:36,155 [Worker-2] INFO  o.e.m.c.i.embedder.EclipseLogger - Using 'UTF-8' encoding to copy filtered resources.
2015-01-06 17:16:36,155 [Worker-2] INFO  o.e.m.c.i.embedder.EclipseLogger - skip non existing resourceDirectory /Users/bzil/Documents/workspace/fr.eseo.pfe/sensor.api/src/test/resources
2015-01-06 17:16:44,053 [Worker-0] INFO  o.e.m.c.i.embedder.EclipseLogger - Using 'UTF-8' encoding to copy filtered resources.
2015-01-06 17:16:44,053 [Worker-0] INFO  o.e.m.c.i.embedder.EclipseLogger - Copying 0 resource
2015-01-06 17:16:44,054 [Worker-0] INFO  o.e.m.c.i.embedder.EclipseLogger - Using 'UTF-8' encoding to copy filtered resources.
2015-01-06 17:16:44,054 [Worker-0] INFO  o.e.m.c.i.embedder.EclipseLogger - skip non existing resourceDirectory /Users/bzil/Documents/workspace/fr.eseo.pfe/sensor.api/src/test/resources
2015-01-06 17:16:50,405 [Worker-13] INFO  o.e.m.c.i.embedder.EclipseLogger - Using 'UTF-8' encoding to copy filtered resources.
2015-01-06 17:16:50,405 [Worker-13] INFO  o.e.m.c.i.embedder.EclipseLogger - Copying 0 resource
2015-01-06 17:16:50,406 [Worker-13] INFO  o.e.m.c.i.embedder.EclipseLogger - Using 'UTF-8' encoding to copy filtered resources.
2015-01-06 17:16:50,407 [Worker-13] INFO  o.e.m.c.i.embedder.EclipseLogger - skip non existing resourceDirectory /Users/bzil/Documents/workspace/fr.eseo.pfe/sensor.api/src/test/resources
2015-01-06 17:17:28,989 [Worker-10] INFO  o.e.m.c.i.embedder.EclipseLogger - Using 'UTF-8' encoding to copy filtered resources.
2015-01-06 17:17:28,990 [Worker-10] INFO  o.e.m.c.i.embedder.EclipseLogger - Copying 0 resource
2015-01-06 17:17:28,991 [Worker-10] INFO  o.e.m.c.i.embedder.EclipseLogger - Using 'UTF-8' encoding to copy filtered resources.
2015-01-06 17:17:28,991 [Worker-10] INFO  o.e.m.c.i.embedder.EclipseLogger - skip non existing resourceDirectory /Users/bzil/Documents/workspace/fr.eseo.pfe/sensor.api/src/test/resources
2015-01-06 17:18:13,997 [Worker-10] INFO  o.e.m.c.i.embedder.EclipseLogger - Using 'UTF-8' encoding to copy filtered resources.
2015-01-06 17:18:13,998 [Worker-10] INFO  o.e.m.c.i.embedder.EclipseLogger - Copying 0 resource
2015-01-06 17:18:13,999 [Worker-10] INFO  o.e.m.c.i.embedder.EclipseLogger - Using 'UTF-8' encoding to copy filtered resources.
2015-01-06 17:18:13,999 [Worker-10] INFO  o.e.m.c.i.embedder.EclipseLogger - skip non existing resourceDirectory /Users/bzil/Documents/workspace/fr.eseo.pfe/sensor.api/src/test/resources
2015-01-06 17:18:29,471 [Worker-9] INFO  o.e.m.c.i.embedder.EclipseLogger - Using 'UTF-8' encoding to copy filtered resources.
2015-01-06 17:18:29,471 [Worker-9] INFO  o.e.m.c.i.embedder.EclipseLogger - Copying 0 resource
2015-01-06 17:18:29,472 [Worker-9] INFO  o.e.m.c.i.embedder.EclipseLogger - Using 'UTF-8' encoding to copy filtered resources.
2015-01-06 17:18:29,472 [Worker-9] INFO  o.e.m.c.i.embedder.EclipseLogger - skip non existing resourceDirectory /Users/bzil/Documents/workspace/fr.eseo.pfe/sensor.api/src/test/resources
2015-01-06 17:19:00,551 [Worker-3] INFO  o.e.m.c.i.embedder.EclipseLogger - Using 'UTF-8' encoding to copy filtered resources.
2015-01-06 17:19:00,552 [Worker-3] INFO  o.e.m.c.i.embedder.EclipseLogger - Copying 0 resource
2015-01-06 17:19:00,553 [Worker-3] INFO  o.e.m.c.i.embedder.EclipseLogger - Using 'UTF-8' encoding to copy filtered resources.
2015-01-06 17:19:00,553 [Worker-3] INFO  o.e.m.c.i.embedder.EclipseLogger - skip non existing resourceDirectory /Users/bzil/Documents/workspace/fr.eseo.pfe/sensor.api/src/test/resources
